<?xml version="1.0" encoding="UTF-8"?>
<!-- Generated by org.testng.reporters.JUnitReportReporter -->
<testsuite skipped="0" hostname="WIN-GEDESCREUP8" name="RunnerPackage.TestRunner" tests="1" failures="0" timestamp="25 Feb 2018 18:25:13 GMT" time="3.326" errors="0">
  <testcase name="runScenario" time="3.326" classname="RunnerPackage.TestRunner"/>
</testsuite> <!-- RunnerPackage.TestRunner -->
